{"/Users/aronkristjansson/HR/vor_2026/assignment2-Unit-Testing-solution/src/constants.ts": {"path":"/Users/aronkristjansson/HR/vor_2026/assignment2-Unit-Testing-solution/src/constants.ts","statementMap":{"0":{"start":{"line":1,"column":7},"end":{"line":1,"column":null}},"1":{"start":{"line":2,"column":2},"end":{"line":2,"column":null}},"2":{"start":{"line":3,"column":2},"end":{"line":3,"column":null}},"3":{"start":{"line":4,"column":2},"end":{"line":4,"column":null}},"4":{"start":{"line":5,"column":2},"end":{"line":5,"column":null}},"5":{"start":{"line":6,"column":2},"end":{"line":6,"column":null}},"6":{"start":{"line":7,"column":2},"end":{"line":7,"column":null}},"7":{"start":{"line":1,"column":12},"end":{"line":1,"column":null}}},"fnMap":{"0":{"name":"(anonymous_0)","decl":{"start":{"line":1,"column":7},"end":{"line":1,"column":12}},"loc":{"start":{"line":1,"column":7},"end":{"line":1,"column":null}}}},"branchMap":{"0":{"loc":{"start":{"line":1,"column":12},"end":{"line":1,"column":null}},"type":"binary-expr","locations":[{"start":{"line":1,"column":12},"end":{"line":1,"column":null}},{"start":{"line":1,"column":12},"end":{"line":1,"column":null}}]}},"s":{"0":1,"1":1,"2":1,"3":1,"4":1,"5":1,"6":1,"7":1},"f":{"0":1},"b":{"0":[1,1]}}
,"/Users/aronkristjansson/HR/vor_2026/assignment2-Unit-Testing-solution/src/dateUtils.ts": {"path":"/Users/aronkristjansson/HR/vor_2026/assignment2-Unit-Testing-solution/src/dateUtils.ts","statementMap":{"0":{"start":{"line":5,"column":2},"end":{"line":5,"column":null}},"1":{"start":{"line":9,"column":2},"end":{"line":11,"column":null}},"2":{"start":{"line":10,"column":4},"end":{"line":10,"column":null}},"3":{"start":{"line":12,"column":2},"end":{"line":14,"column":null}},"4":{"start":{"line":13,"column":4},"end":{"line":13,"column":null}},"5":{"start":{"line":16,"column":2},"end":{"line":29,"column":null}},"6":{"start":{"line":18,"column":6},"end":{"line":18,"column":null}},"7":{"start":{"line":20,"column":6},"end":{"line":20,"column":null}},"8":{"start":{"line":22,"column":6},"end":{"line":22,"column":null}},"9":{"start":{"line":24,"column":6},"end":{"line":24,"column":null}},"10":{"start":{"line":26,"column":6},"end":{"line":26,"column":null}},"11":{"start":{"line":28,"column":6},"end":{"line":28,"column":null}},"12":{"start":{"line":33,"column":2},"end":{"line":35,"column":null}},"13":{"start":{"line":34,"column":4},"end":{"line":34,"column":null}},"14":{"start":{"line":36,"column":2},"end":{"line":36,"column":null}},"15":{"start":{"line":40,"column":2},"end":{"line":40,"column":null}},"16":{"start":{"line":44,"column":2},"end":{"line":44,"column":null}},"17":{"start":{"line":49,"column":2},"end":{"line":57,"column":null}},"18":{"start":{"line":50,"column":4},"end":{"line":56,"column":null}},"19":{"start":{"line":51,"column":6},"end":{"line":55,"column":null}},"20":{"start":{"line":61,"column":19},"end":{"line":61,"column":null}},"21":{"start":{"line":62,"column":2},"end":{"line":62,"column":null}},"22":{"start":{"line":62,"column":34},"end":{"line":62,"column":58}}},"fnMap":{"0":{"name":"getCurrentYear","decl":{"start":{"line":4,"column":16},"end":{"line":4,"column":41}},"loc":{"start":{"line":4,"column":41},"end":{"line":6,"column":null}}},"1":{"name":"add","decl":{"start":{"line":8,"column":16},"end":{"line":8,"column":20}},"loc":{"start":{"line":8,"column":100},"end":{"line":30,"column":null}}},"2":{"name":"isWithinRange","decl":{"start":{"line":32,"column":16},"end":{"line":32,"column":30}},"loc":{"start":{"line":32,"column":73},"end":{"line":37,"column":null}}},"3":{"name":"isDateBefore","decl":{"start":{"line":39,"column":16},"end":{"line":39,"column":29}},"loc":{"start":{"line":39,"column":69},"end":{"line":41,"column":null}}},"4":{"name":"isSameDay","decl":{"start":{"line":43,"column":16},"end":{"line":43,"column":26}},"loc":{"start":{"line":43,"column":66},"end":{"line":45,"column":null}}},"5":{"name":"getHolidays","decl":{"start":{"line":48,"column":22},"end":{"line":48,"column":34}},"loc":{"start":{"line":48,"column":65},"end":{"line":58,"column":null}}},"6":{"name":"(anonymous_6)","decl":{"start":{"line":49,"column":21},"end":{"line":49,"column":22}},"loc":{"start":{"line":49,"column":34},"end":{"line":57,"column":3}}},"7":{"name":"(anonymous_7)","decl":{"start":{"line":50,"column":15},"end":{"line":50,"column":21}},"loc":{"start":{"line":50,"column":21},"end":{"line":56,"column":7}}},"8":{"name":"isHoliday","decl":{"start":{"line":60,"column":22},"end":{"line":60,"column":32}},"loc":{"start":{"line":60,"column":62},"end":{"line":63,"column":null}}},"9":{"name":"(anonymous_9)","decl":{"start":{"line":62,"column":23},"end":{"line":62,"column":34}},"loc":{"start":{"line":62,"column":34},"end":{"line":62,"column":58}}}},"branchMap":{"0":{"loc":{"start":{"line":8,"column":48},"end":{"line":8,"column":100}},"type":"default-arg","locations":[{"start":{"line":8,"column":72},"end":{"line":8,"column":100}}]},"1":{"loc":{"start":{"line":9,"column":2},"end":{"line":11,"column":null}},"type":"if","locations":[{"start":{"line":9,"column":2},"end":{"line":11,"column":null}},{"start":{},"end":{}}]},"2":{"loc":{"start":{"line":9,"column":6},"end":{"line":9,"column":56}},"type":"binary-expr","locations":[{"start":{"line":9,"column":6},"end":{"line":9,"column":33}},{"start":{"line":9,"column":33},"end":{"line":9,"column":56}}]},"3":{"loc":{"start":{"line":12,"column":2},"end":{"line":14,"column":null}},"type":"if","locations":[{"start":{"line":12,"column":2},"end":{"line":14,"column":null}},{"start":{},"end":{}}]},"4":{"loc":{"start":{"line":12,"column":6},"end":{"line":12,"column":51}},"type":"binary-expr","locations":[{"start":{"line":12,"column":6},"end":{"line":12,"column":36}},{"start":{"line":12,"column":36},"end":{"line":12,"column":51}}]},"5":{"loc":{"start":{"line":16,"column":2},"end":{"line":29,"column":null}},"type":"switch","locations":[{"start":{"line":17,"column":4},"end":{"line":18,"column":null}},{"start":{"line":19,"column":4},"end":{"line":20,"column":null}},{"start":{"line":21,"column":4},"end":{"line":22,"column":null}},{"start":{"line":23,"column":4},"end":{"line":24,"column":null}},{"start":{"line":25,"column":4},"end":{"line":26,"column":null}},{"start":{"line":27,"column":4},"end":{"line":28,"column":null}}]},"6":{"loc":{"start":{"line":33,"column":2},"end":{"line":35,"column":null}},"type":"if","locations":[{"start":{"line":33,"column":2},"end":{"line":35,"column":null}},{"start":{},"end":{}}]},"7":{"loc":{"start":{"line":36,"column":9},"end":{"line":36,"column":null}},"type":"binary-expr","locations":[{"start":{"line":36,"column":9},"end":{"line":36,"column":61}},{"start":{"line":36,"column":61},"end":{"line":36,"column":98}},{"start":{"line":36,"column":98},"end":{"line":36,"column":null}}]}},"s":{"0":2,"1":9,"2":2,"3":7,"4":1,"5":6,"6":0,"7":0,"8":4,"9":0,"10":1,"11":1,"12":5,"13":1,"14":4,"15":3,"16":9,"17":7,"18":7,"19":7,"20":3,"21":3,"22":6},"f":{"0":2,"1":9,"2":5,"3":3,"4":9,"5":7,"6":7,"7":7,"8":3,"9":6},"b":{"0":[1],"1":[2,7],"2":[9,8],"3":[1,6],"4":[7,7],"5":[0,0,4,0,1,1],"6":[1,4],"7":[4,3,2]}}
}
